<?xml version="1.0" encoding="UTF-8"?>
<!-- Generated by org.testng.reporters.JUnitXMLReporter -->
<testsuite hostname="mohammads-MBP.home" ignored="0" name="Default test" tests="4" failures="0" timestamp="2020-05-01T00:02:45 EDT" time="65.579" errors="0">
  <testcase name="patientInformationPageTest" time="6.928" classname="com.Amgen.qa.testcases.PatientInformationPageTest"/>
  <testcase name="patientInformationPageTest" time="11.714" classname="com.Amgen.qa.testcases.PatientInformationPageTest"/>
  <testcase name="patientInformationPageTest" time="6.66" classname="com.Amgen.qa.testcases.PatientInformationPageTest"/>
  <testcase name="patientInformationPageTest" time="7.079" classname="com.Amgen.qa.testcases.PatientInformationPageTest"/>
</testsuite> <!-- Default test -->
