<?xml version="1.0" encoding="UTF-8"?>
<!-- Generated by org.testng.reporters.JUnitXMLReporter -->
<testsuite hostname="mohammads-MBP.home" ignored="0" name="Default test" tests="4" failures="0" timestamp="2020-04-27T04:11:26 EDT" time="61.081" errors="0">
  <testcase name="patientInformationPageTest" time="6.969" classname="com.Amgen.qa.testcases.PatientInformationPageTest"/>
  <testcase name="patientInformationPageTest" time="6.874" classname="com.Amgen.qa.testcases.PatientInformationPageTest"/>
  <testcase name="patientInformationPageTest" time="6.699" classname="com.Amgen.qa.testcases.PatientInformationPageTest"/>
  <testcase name="patientInformationPageTest" time="6.819" classname="com.Amgen.qa.testcases.PatientInformationPageTest"/>
</testsuite> <!-- Default test -->
