<?xml version="1.0" encoding="UTF-8"?>
<!-- Generated by org.testng.reporters.JUnitXMLReporter -->
<testsuite hostname="mohammads-MBP.home" ignored="0" name="Amgen Application Test Cases" tests="4" failures="0" timestamp="2020-04-27T05:14:03 EDT" time="59.626" errors="0">
  <testcase name="patientInformationPageTest" time="6.862" classname="com.Amgen.qa.testcases.PatientInformationPageTest"/>
  <testcase name="patientInformationPageTest" time="6.826" classname="com.Amgen.qa.testcases.PatientInformationPageTest"/>
  <testcase name="patientInformationPageTest" time="6.677" classname="com.Amgen.qa.testcases.PatientInformationPageTest"/>
  <testcase name="patientInformationPageTest" time="6.782" classname="com.Amgen.qa.testcases.PatientInformationPageTest"/>
</testsuite> <!-- Amgen Application Test Cases -->
