<?xml version="1.0" encoding="UTF-8"?>
<!-- Generated by org.testng.reporters.JUnitXMLReporter -->
<testsuite hostname="mohammads-MBP.home" ignored="0" name="Amgen Application Test Cases" tests="4" failures="0" timestamp="2020-04-30T18:34:34 EDT" time="76.479" errors="0">
  <testcase name="patientInformationPageTest" time="6.805" classname="com.Amgen.qa.testcases.PatientInformationPageTest"/>
  <testcase name="patientInformationPageTest" time="6.77" classname="com.Amgen.qa.testcases.PatientInformationPageTest"/>
  <testcase name="patientInformationPageTest" time="9.285" classname="com.Amgen.qa.testcases.PatientInformationPageTest"/>
  <testcase name="patientInformationPageTest" time="10.415" classname="com.Amgen.qa.testcases.PatientInformationPageTest"/>
</testsuite> <!-- Amgen Application Test Cases -->
